2023-02-14 00:01:19.471  INFO 14079 --- [restartedMain] g.geoclinique.GeoCliniqueApplication     : Starting GeoCliniqueApplication using Java 17.0.5 on marys-MacBook-Pro.local with PID 14079 (/Users/siby/Desktop/geo-clinique/target/classes started by siby in /Users/siby/Desktop/geo-clinique)
2023-02-14 00:01:19.494  INFO 14079 --- [restartedMain] g.geoclinique.GeoCliniqueApplication     : No active profile set, falling back to 1 default profile: "default"
2023-02-14 00:01:19.750  INFO 14079 --- [restartedMain] .e.DevToolsPropertyDefaultsPostProcessor : Devtools property defaults active! Set 'spring.devtools.add-properties' to 'false' to disable
2023-02-14 00:01:19.752  INFO 14079 --- [restartedMain] .e.DevToolsPropertyDefaultsPostProcessor : For additional web related logging consider setting the 'logging.level.web' property to 'DEBUG'
2023-02-14 00:01:21.290  INFO 14079 --- [restartedMain] .s.d.r.c.RepositoryConfigurationDelegate : Bootstrapping Spring Data JPA repositories in DEFAULT mode.
2023-02-14 00:01:21.434  INFO 14079 --- [restartedMain] .s.d.r.c.RepositoryConfigurationDelegate : Finished Spring Data repository scanning in 130 ms. Found 10 JPA repository interfaces.
2023-02-14 00:01:23.257  INFO 14079 --- [restartedMain] o.s.b.w.embedded.tomcat.TomcatWebServer  : Tomcat initialized with port(s): 9000 (http)
2023-02-14 00:01:23.273  INFO 14079 --- [restartedMain] o.apache.catalina.core.StandardService   : Starting service [Tomcat]
2023-02-14 00:01:23.274  INFO 14079 --- [restartedMain] org.apache.catalina.core.StandardEngine  : Starting Servlet engine: [Apache Tomcat/9.0.71]
2023-02-14 00:01:23.398  INFO 14079 --- [restartedMain] o.a.c.c.C.[Tomcat].[localhost].[/]       : Initializing Spring embedded WebApplicationContext
2023-02-14 00:01:23.399  INFO 14079 --- [restartedMain] w.s.c.ServletWebServerApplicationContext : Root WebApplicationContext: initialization completed in 3642 ms
2023-02-14 00:01:23.814  INFO 14079 --- [restartedMain] o.hibernate.jpa.internal.util.LogHelper  : HHH000204: Processing PersistenceUnitInfo [name: default]
2023-02-14 00:01:24.348  INFO 14079 --- [restartedMain] org.hibernate.Version                    : HHH000412: Hibernate ORM core version 5.6.14.Final
2023-02-14 00:01:24.677  INFO 14079 --- [restartedMain] o.hibernate.annotations.common.Version   : HCANN000001: Hibernate Commons Annotations {5.1.2.Final}
2023-02-14 00:01:24.866  INFO 14079 --- [restartedMain] com.zaxxer.hikari.HikariDataSource       : HikariPool-1 - Starting...
2023-02-14 00:01:25.288  INFO 14079 --- [restartedMain] com.zaxxer.hikari.HikariDataSource       : HikariPool-1 - Start completed.
2023-02-14 00:01:25.317  INFO 14079 --- [restartedMain] org.hibernate.dialect.Dialect            : HHH000400: Using dialect: org.hibernate.dialect.MySQL5InnoDBDialect
2023-02-14 00:01:25.680  INFO 14079 --- [restartedMain] o.hibernate.id.enhanced.TableGenerator   : HHH000398: Explicit segment value for id generator [hibernate_sequences.sequence_name] suggested; using default [default]
2023-02-14 00:01:29.991  INFO 14079 --- [restartedMain] o.h.e.t.j.p.i.JtaPlatformInitiator       : HHH000490: Using JtaPlatform implementation: [org.hibernate.engine.transaction.jta.platform.internal.NoJtaPlatform]
2023-02-14 00:01:30.023  INFO 14079 --- [restartedMain] j.LocalContainerEntityManagerFactoryBean : Initialized JPA EntityManagerFactory for persistence unit 'default'
2023-02-14 00:01:32.683  WARN 14079 --- [restartedMain] JpaBaseConfiguration$JpaWebConfiguration : spring.jpa.open-in-view is enabled by default. Therefore, database queries may be performed during view rendering. Explicitly configure spring.jpa.open-in-view to disable this warning
2023-02-14 00:01:33.046  INFO 14079 --- [restartedMain] pertySourcedRequestMappingHandlerMapping : Mapped URL path [/v2/api-docs] onto method [springfox.documentation.swagger2.web.Swagger2Controller#getDocumentation(String, HttpServletRequest)]
2023-02-14 00:01:35.274  INFO 14079 --- [restartedMain] o.s.s.web.DefaultSecurityFilterChain     : Will secure any request with [org.springframework.security.web.session.DisableEncodeUrlFilter@56500b2c, org.springframework.security.web.context.request.async.WebAsyncManagerIntegrationFilter@79c3c2f1, org.springframework.security.web.context.SecurityContextPersistenceFilter@52340840, org.springframework.security.web.header.HeaderWriterFilter@4d5aa2b3, org.springframework.web.filter.CorsFilter@2a663ac4, org.springframework.security.web.authentication.logout.LogoutFilter@658c23fd, geoclinique.geoclinique.security.jwt.AuthTokenFilter@35a0e281, org.springframework.security.web.savedrequest.RequestCacheAwareFilter@7242911f, org.springframework.security.web.servletapi.SecurityContextHolderAwareRequestFilter@7cb3ff78, org.springframework.security.web.authentication.AnonymousAuthenticationFilter@4cb57e21, org.springframework.security.web.session.SessionManagementFilter@81ef911, org.springframework.security.web.access.ExceptionTranslationFilter@2818e327, org.springframework.security.web.access.intercept.FilterSecurityInterceptor@32c3bfe8]
2023-02-14 00:01:36.341  INFO 14079 --- [restartedMain] o.s.b.d.a.OptionalLiveReloadServer       : LiveReload server is running on port 35729
2023-02-14 00:01:37.049  INFO 14079 --- [restartedMain] o.s.b.w.embedded.tomcat.TomcatWebServer  : Tomcat started on port(s): 9000 (http) with context path ''
2023-02-14 00:01:37.052  INFO 14079 --- [restartedMain] d.s.w.p.DocumentationPluginsBootstrapper : Context refreshed
2023-02-14 00:01:37.112  INFO 14079 --- [restartedMain] d.s.w.p.DocumentationPluginsBootstrapper : Found 1 custom documentation plugin(s)
2023-02-14 00:01:37.218  INFO 14079 --- [restartedMain] s.d.s.w.s.ApiListingReferenceScanner     : Scanning for api listing references
2023-02-14 00:01:37.538  INFO 14079 --- [restartedMain] .d.s.w.r.o.CachingOperationNameGenerator : Generating unique operation named: registerUserUsingPOST_1
2023-02-14 00:01:37.778  INFO 14079 --- [restartedMain] .d.s.w.r.o.CachingOperationNameGenerator : Generating unique operation named: AfficherUsingGET_1
2023-02-14 00:01:37.892  INFO 14079 --- [restartedMain] .d.s.w.r.o.CachingOperationNameGenerator : Generating unique operation named: getByIdUsingGET_1
2023-02-14 00:01:37.998  INFO 14079 --- [restartedMain] .d.s.w.r.o.CachingOperationNameGenerator : Generating unique operation named: supprimerUsingDELETE_1
2023-02-14 00:01:38.156  INFO 14079 --- [restartedMain] .d.s.w.r.o.CachingOperationNameGenerator : Generating unique operation named: updateUsingPUT_1
2023-02-14 00:01:38.213  INFO 14079 --- [restartedMain] .d.s.w.r.o.CachingOperationNameGenerator : Generating unique operation named: AfficherUsingGET_2
2023-02-14 00:01:38.288  INFO 14079 --- [restartedMain] .d.s.w.r.o.CachingOperationNameGenerator : Generating unique operation named: getByIdUsingGET_2
2023-02-14 00:01:38.434  INFO 14079 --- [restartedMain] .d.s.w.r.o.CachingOperationNameGenerator : Generating unique operation named: supprimerUsingDELETE_2
2023-02-14 00:01:38.734  INFO 14079 --- [restartedMain] .d.s.w.r.o.CachingOperationNameGenerator : Generating unique operation named: ReadUsingGET_1
2023-02-14 00:01:38.878  INFO 14079 --- [restartedMain] .d.s.w.r.o.CachingOperationNameGenerator : Generating unique operation named: getByIdUsingGET_3
2023-02-14 00:01:38.930  INFO 14079 --- [restartedMain] .d.s.w.r.o.CachingOperationNameGenerator : Generating unique operation named: AfficherUsingGET_3
2023-02-14 00:01:38.996  INFO 14079 --- [restartedMain] .d.s.w.r.o.CachingOperationNameGenerator : Generating unique operation named: createUsingPOST_1
2023-02-14 00:01:39.001  INFO 14079 --- [restartedMain] .d.s.w.r.o.CachingOperationNameGenerator : Generating unique operation named: getByIdUsingGET_4
2023-02-14 00:01:39.006  INFO 14079 --- [restartedMain] .d.s.w.r.o.CachingOperationNameGenerator : Generating unique operation named: supprimerUsingDELETE_3
2023-02-14 00:01:39.122  INFO 14079 --- [restartedMain] .d.s.w.r.o.CachingOperationNameGenerator : Generating unique operation named: updateUsingPUT_2
2023-02-14 00:01:39.511  INFO 14079 --- [restartedMain] g.geoclinique.GeoCliniqueApplication     : Started GeoCliniqueApplication in 21.317 seconds (JVM running for 23.955)
2023-02-14 00:05:02.018  INFO 14079 --- [http-nio-9000-exec-1] o.a.c.c.C.[Tomcat].[localhost].[/]       : Initializing Spring DispatcherServlet 'dispatcherServlet'
2023-02-14 00:05:02.026  INFO 14079 --- [http-nio-9000-exec-1] o.s.web.servlet.DispatcherServlet        : Initializing Servlet 'dispatcherServlet'
2023-02-14 00:05:02.151  INFO 14079 --- [http-nio-9000-exec-1] o.s.web.servlet.DispatcherServlet        : Completed initialization in 125 ms
2023-02-14 00:05:13.406  WARN 14079 --- [http-nio-9000-exec-3] .w.s.m.s.DefaultHandlerExceptionResolver : Resolved [org.springframework.web.method.annotation.MethodArgumentTypeMismatchException: Failed to convert value of type 'java.lang.String' to required type 'java.lang.Long'; nested exception is java.lang.NumberFormatException: For input string: "undefined"]
2023-02-14 00:25:55.102  WARN 14079 --- [HikariPool-1 housekeeper] com.zaxxer.hikari.pool.HikariPool        : HikariPool-1 - Retrograde clock change detected (housekeeper delta=29s598ms), soft-evicting connections from pool.
2023-02-14 00:32:24.755  WARN 14079 --- [HikariPool-1 housekeeper] com.zaxxer.hikari.pool.HikariPool        : HikariPool-1 - Retrograde clock change detected (housekeeper delta=29s273ms), soft-evicting connections from pool.
2023-02-14 03:06:19.862  INFO 14079 --- [SpringApplicationShutdownHook] j.LocalContainerEntityManagerFactoryBean : Closing JPA EntityManagerFactory for persistence unit 'default'
2023-02-14 03:06:20.547  INFO 14079 --- [SpringApplicationShutdownHook] com.zaxxer.hikari.HikariDataSource       : HikariPool-1 - Shutdown initiated...
2023-02-14 03:06:20.862  INFO 14079 --- [SpringApplicationShutdownHook] com.zaxxer.hikari.HikariDataSource       : HikariPool-1 - Shutdown completed.
2023-02-14 10:38:36.041  INFO 70403 --- [restartedMain] g.geoclinique.GeoCliniqueApplication     : Starting GeoCliniqueApplication using Java 17.0.5 on marys-MBP.mshome.net with PID 70403 (/Users/siby/Desktop/geo-clinique/target/classes started by siby in /Users/siby/Desktop/geo-clinique)
2023-02-14 10:38:36.046  INFO 70403 --- [restartedMain] g.geoclinique.GeoCliniqueApplication     : No active profile set, falling back to 1 default profile: "default"
2023-02-14 10:38:36.533  INFO 70403 --- [restartedMain] .e.DevToolsPropertyDefaultsPostProcessor : Devtools property defaults active! Set 'spring.devtools.add-properties' to 'false' to disable
2023-02-14 10:38:36.534  INFO 70403 --- [restartedMain] .e.DevToolsPropertyDefaultsPostProcessor : For additional web related logging consider setting the 'logging.level.web' property to 'DEBUG'
2023-02-14 10:38:46.054  INFO 70403 --- [restartedMain] .s.d.r.c.RepositoryConfigurationDelegate : Bootstrapping Spring Data JPA repositories in DEFAULT mode.
2023-02-14 10:38:46.771  INFO 70403 --- [restartedMain] .s.d.r.c.RepositoryConfigurationDelegate : Finished Spring Data repository scanning in 618 ms. Found 10 JPA repository interfaces.
2023-02-14 10:38:52.260  INFO 70403 --- [restartedMain] o.s.b.w.embedded.tomcat.TomcatWebServer  : Tomcat initialized with port(s): 9000 (http)
2023-02-14 10:38:52.288  INFO 70403 --- [restartedMain] o.apache.catalina.core.StandardService   : Starting service [Tomcat]
2023-02-14 10:38:52.288  INFO 70403 --- [restartedMain] org.apache.catalina.core.StandardEngine  : Starting Servlet engine: [Apache Tomcat/9.0.71]
2023-02-14 10:38:52.842  INFO 70403 --- [restartedMain] o.a.c.c.C.[Tomcat].[localhost].[/]       : Initializing Spring embedded WebApplicationContext
2023-02-14 10:38:52.842  INFO 70403 --- [restartedMain] w.s.c.ServletWebServerApplicationContext : Root WebApplicationContext: initialization completed in 16305 ms
2023-02-14 10:38:54.938  INFO 70403 --- [restartedMain] o.hibernate.jpa.internal.util.LogHelper  : HHH000204: Processing PersistenceUnitInfo [name: default]
2023-02-14 10:38:55.226  INFO 70403 --- [restartedMain] org.hibernate.Version                    : HHH000412: Hibernate ORM core version 5.6.14.Final
2023-02-14 10:38:56.178  INFO 70403 --- [restartedMain] o.hibernate.annotations.common.Version   : HCANN000001: Hibernate Commons Annotations {5.1.2.Final}
2023-02-14 10:38:56.838  INFO 70403 --- [restartedMain] com.zaxxer.hikari.HikariDataSource       : HikariPool-1 - Starting...
2023-02-14 10:38:57.691  INFO 70403 --- [restartedMain] com.zaxxer.hikari.HikariDataSource       : HikariPool-1 - Start completed.
2023-02-14 10:38:57.743  INFO 70403 --- [restartedMain] org.hibernate.dialect.Dialect            : HHH000400: Using dialect: org.hibernate.dialect.MySQL5InnoDBDialect
2023-02-14 10:38:59.488  INFO 70403 --- [restartedMain] o.hibernate.id.enhanced.TableGenerator   : HHH000398: Explicit segment value for id generator [hibernate_sequences.sequence_name] suggested; using default [default]
2023-02-14 10:39:05.601  INFO 70403 --- [restartedMain] o.h.e.t.j.p.i.JtaPlatformInitiator       : HHH000490: Using JtaPlatform implementation: [org.hibernate.engine.transaction.jta.platform.internal.NoJtaPlatform]
2023-02-14 10:39:05.626  INFO 70403 --- [restartedMain] j.LocalContainerEntityManagerFactoryBean : Initialized JPA EntityManagerFactory for persistence unit 'default'
2023-02-14 10:39:16.116  WARN 70403 --- [restartedMain] JpaBaseConfiguration$JpaWebConfiguration : spring.jpa.open-in-view is enabled by default. Therefore, database queries may be performed during view rendering. Explicitly configure spring.jpa.open-in-view to disable this warning
2023-02-14 10:39:16.958  INFO 70403 --- [restartedMain] pertySourcedRequestMappingHandlerMapping : Mapped URL path [/v2/api-docs] onto method [springfox.documentation.swagger2.web.Swagger2Controller#getDocumentation(String, HttpServletRequest)]
2023-02-14 10:39:19.325  INFO 70403 --- [restartedMain] o.s.s.web.DefaultSecurityFilterChain     : Will secure any request with [org.springframework.security.web.session.DisableEncodeUrlFilter@47ee525c, org.springframework.security.web.context.request.async.WebAsyncManagerIntegrationFilter@3f284c85, org.springframework.security.web.context.SecurityContextPersistenceFilter@8ae63d, org.springframework.security.web.header.HeaderWriterFilter@57ac0fdc, org.springframework.web.filter.CorsFilter@294e8faa, org.springframework.security.web.authentication.logout.LogoutFilter@7bbdb006, geoclinique.geoclinique.security.jwt.AuthTokenFilter@1680217a, org.springframework.security.web.savedrequest.RequestCacheAwareFilter@6eb7929f, org.springframework.security.web.servletapi.SecurityContextHolderAwareRequestFilter@6b88a6c5, org.springframework.security.web.authentication.AnonymousAuthenticationFilter@5ffe7272, org.springframework.security.web.session.SessionManagementFilter@2966ca3b, org.springframework.security.web.access.ExceptionTranslationFilter@2fb7279d, org.springframework.security.web.access.intercept.FilterSecurityInterceptor@efed81c]
2023-02-14 10:39:20.025  INFO 70403 --- [restartedMain] o.s.b.d.a.OptionalLiveReloadServer       : LiveReload server is running on port 35729
2023-02-14 10:39:22.983  INFO 70403 --- [restartedMain] o.s.b.w.embedded.tomcat.TomcatWebServer  : Tomcat started on port(s): 9000 (http) with context path ''
2023-02-14 10:39:23.006  INFO 70403 --- [restartedMain] d.s.w.p.DocumentationPluginsBootstrapper : Context refreshed
2023-02-14 10:39:23.118  INFO 70403 --- [restartedMain] d.s.w.p.DocumentationPluginsBootstrapper : Found 1 custom documentation plugin(s)
2023-02-14 10:39:23.396  INFO 70403 --- [restartedMain] s.d.s.w.s.ApiListingReferenceScanner     : Scanning for api listing references
2023-02-14 10:39:25.273  INFO 70403 --- [restartedMain] .d.s.w.r.o.CachingOperationNameGenerator : Generating unique operation named: registerUserUsingPOST_1
2023-02-14 10:39:25.645  INFO 70403 --- [restartedMain] .d.s.w.r.o.CachingOperationNameGenerator : Generating unique operation named: AfficherUsingGET_1
2023-02-14 10:39:25.716  INFO 70403 --- [restartedMain] .d.s.w.r.o.CachingOperationNameGenerator : Generating unique operation named: getByIdUsingGET_1
2023-02-14 10:39:25.724  INFO 70403 --- [restartedMain] .d.s.w.r.o.CachingOperationNameGenerator : Generating unique operation named: supprimerUsingDELETE_1
2023-02-14 10:39:25.729  INFO 70403 --- [restartedMain] .d.s.w.r.o.CachingOperationNameGenerator : Generating unique operation named: updateUsingPUT_1
2023-02-14 10:39:25.746  INFO 70403 --- [restartedMain] .d.s.w.r.o.CachingOperationNameGenerator : Generating unique operation named: AfficherUsingGET_2
2023-02-14 10:39:25.763  INFO 70403 --- [restartedMain] .d.s.w.r.o.CachingOperationNameGenerator : Generating unique operation named: getByIdUsingGET_2
2023-02-14 10:39:25.953  INFO 70403 --- [restartedMain] .d.s.w.r.o.CachingOperationNameGenerator : Generating unique operation named: supprimerUsingDELETE_2
2023-02-14 10:39:25.989  INFO 70403 --- [restartedMain] .d.s.w.r.o.CachingOperationNameGenerator : Generating unique operation named: ReadUsingGET_1
2023-02-14 10:39:26.001  INFO 70403 --- [restartedMain] .d.s.w.r.o.CachingOperationNameGenerator : Generating unique operation named: getByIdUsingGET_3
2023-02-14 10:39:26.136  INFO 70403 --- [restartedMain] .d.s.w.r.o.CachingOperationNameGenerator : Generating unique operation named: AfficherUsingGET_3
2023-02-14 10:39:26.142  INFO 70403 --- [restartedMain] .d.s.w.r.o.CachingOperationNameGenerator : Generating unique operation named: createUsingPOST_1
2023-02-14 10:39:26.172  INFO 70403 --- [restartedMain] .d.s.w.r.o.CachingOperationNameGenerator : Generating unique operation named: getByIdUsingGET_4
2023-02-14 10:39:26.183  INFO 70403 --- [restartedMain] .d.s.w.r.o.CachingOperationNameGenerator : Generating unique operation named: supprimerUsingDELETE_3
2023-02-14 10:39:26.206  INFO 70403 --- [restartedMain] .d.s.w.r.o.CachingOperationNameGenerator : Generating unique operation named: updateUsingPUT_2
2023-02-14 10:39:26.530  INFO 70403 --- [restartedMain] g.geoclinique.GeoCliniqueApplication     : Started GeoCliniqueApplication in 54.498 seconds (JVM running for 61.078)
2023-02-14 10:42:09.460  INFO 70403 --- [http-nio-9000-exec-1] o.a.c.c.C.[Tomcat].[localhost].[/]       : Initializing Spring DispatcherServlet 'dispatcherServlet'
2023-02-14 10:42:09.466  INFO 70403 --- [http-nio-9000-exec-1] o.s.web.servlet.DispatcherServlet        : Initializing Servlet 'dispatcherServlet'
2023-02-14 10:42:09.540  INFO 70403 --- [http-nio-9000-exec-1] o.s.web.servlet.DispatcherServlet        : Completed initialization in 67 ms
2023-02-14 10:54:11.582  INFO 70403 --- [SpringApplicationShutdownHook] j.LocalContainerEntityManagerFactoryBean : Closing JPA EntityManagerFactory for persistence unit 'default'
2023-02-14 10:54:11.809  INFO 70403 --- [SpringApplicationShutdownHook] com.zaxxer.hikari.HikariDataSource       : HikariPool-1 - Shutdown initiated...
2023-02-14 10:54:11.901  INFO 70403 --- [SpringApplicationShutdownHook] com.zaxxer.hikari.HikariDataSource       : HikariPool-1 - Shutdown completed.
2023-02-14 10:54:28.172  INFO 73985 --- [restartedMain] g.geoclinique.GeoCliniqueApplication     : Starting GeoCliniqueApplication using Java 17.0.5 on marys-MBP.mshome.net with PID 73985 (/Users/siby/Desktop/geo-clinique/target/classes started by siby in /Users/siby/Desktop/geo-clinique)
2023-02-14 10:54:28.174  INFO 73985 --- [restartedMain] g.geoclinique.GeoCliniqueApplication     : No active profile set, falling back to 1 default profile: "default"
2023-02-14 10:54:28.291  INFO 73985 --- [restartedMain] .e.DevToolsPropertyDefaultsPostProcessor : Devtools property defaults active! Set 'spring.devtools.add-properties' to 'false' to disable
2023-02-14 10:54:28.292  INFO 73985 --- [restartedMain] .e.DevToolsPropertyDefaultsPostProcessor : For additional web related logging consider setting the 'logging.level.web' property to 'DEBUG'
2023-02-14 10:54:30.356  INFO 73985 --- [restartedMain] .s.d.r.c.RepositoryConfigurationDelegate : Bootstrapping Spring Data JPA repositories in DEFAULT mode.
2023-02-14 10:54:30.508  INFO 73985 --- [restartedMain] .s.d.r.c.RepositoryConfigurationDelegate : Finished Spring Data repository scanning in 137 ms. Found 10 JPA repository interfaces.
2023-02-14 10:54:32.090  INFO 73985 --- [restartedMain] o.s.b.w.embedded.tomcat.TomcatWebServer  : Tomcat initialized with port(s): 9000 (http)
2023-02-14 10:54:32.106  INFO 73985 --- [restartedMain] o.apache.catalina.core.StandardService   : Starting service [Tomcat]
2023-02-14 10:54:32.107  INFO 73985 --- [restartedMain] org.apache.catalina.core.StandardEngine  : Starting Servlet engine: [Apache Tomcat/9.0.71]
2023-02-14 10:54:32.230  INFO 73985 --- [restartedMain] o.a.c.c.C.[Tomcat].[localhost].[/]       : Initializing Spring embedded WebApplicationContext
2023-02-14 10:54:32.231  INFO 73985 --- [restartedMain] w.s.c.ServletWebServerApplicationContext : Root WebApplicationContext: initialization completed in 3936 ms
2023-02-14 10:54:32.587  INFO 73985 --- [restartedMain] o.hibernate.jpa.internal.util.LogHelper  : HHH000204: Processing PersistenceUnitInfo [name: default]
2023-02-14 10:54:32.679  INFO 73985 --- [restartedMain] org.hibernate.Version                    : HHH000412: Hibernate ORM core version 5.6.14.Final
2023-02-14 10:54:32.972  INFO 73985 --- [restartedMain] o.hibernate.annotations.common.Version   : HCANN000001: Hibernate Commons Annotations {5.1.2.Final}
2023-02-14 10:54:33.155  INFO 73985 --- [restartedMain] com.zaxxer.hikari.HikariDataSource       : HikariPool-1 - Starting...
2023-02-14 10:54:33.522  INFO 73985 --- [restartedMain] com.zaxxer.hikari.HikariDataSource       : HikariPool-1 - Start completed.
2023-02-14 10:54:33.560  INFO 73985 --- [restartedMain] org.hibernate.dialect.Dialect            : HHH000400: Using dialect: org.hibernate.dialect.MySQL5InnoDBDialect
2023-02-14 10:54:34.122  INFO 73985 --- [restartedMain] o.hibernate.id.enhanced.TableGenerator   : HHH000398: Explicit segment value for id generator [hibernate_sequences.sequence_name] suggested; using default [default]
2023-02-14 10:54:36.400  INFO 73985 --- [restartedMain] o.h.e.t.j.p.i.JtaPlatformInitiator       : HHH000490: Using JtaPlatform implementation: [org.hibernate.engine.transaction.jta.platform.internal.NoJtaPlatform]
2023-02-14 10:54:36.414  INFO 73985 --- [restartedMain] j.LocalContainerEntityManagerFactoryBean : Initialized JPA EntityManagerFactory for persistence unit 'default'
2023-02-14 10:54:38.295  WARN 73985 --- [restartedMain] JpaBaseConfiguration$JpaWebConfiguration : spring.jpa.open-in-view is enabled by default. Therefore, database queries may be performed during view rendering. Explicitly configure spring.jpa.open-in-view to disable this warning
2023-02-14 10:54:38.620  INFO 73985 --- [restartedMain] pertySourcedRequestMappingHandlerMapping : Mapped URL path [/v2/api-docs] onto method [springfox.documentation.swagger2.web.Swagger2Controller#getDocumentation(String, HttpServletRequest)]
2023-02-14 10:54:39.734  INFO 73985 --- [restartedMain] o.s.s.web.DefaultSecurityFilterChain     : Will secure any request with [org.springframework.security.web.session.DisableEncodeUrlFilter@495dd5f9, org.springframework.security.web.context.request.async.WebAsyncManagerIntegrationFilter@14bc66f, org.springframework.security.web.context.SecurityContextPersistenceFilter@4428959f, org.springframework.security.web.header.HeaderWriterFilter@293c38f9, org.springframework.web.filter.CorsFilter@77dbfe51, org.springframework.security.web.authentication.logout.LogoutFilter@4443b3f8, geoclinique.geoclinique.security.jwt.AuthTokenFilter@21340701, org.springframework.security.web.savedrequest.RequestCacheAwareFilter@15af264e, org.springframework.security.web.servletapi.SecurityContextHolderAwareRequestFilter@4fe939ce, org.springframework.security.web.authentication.AnonymousAuthenticationFilter@69e44d6a, org.springframework.security.web.session.SessionManagementFilter@38968605, org.springframework.security.web.access.ExceptionTranslationFilter@24f5d705, org.springframework.security.web.access.intercept.FilterSecurityInterceptor@b91ce9]
2023-02-14 10:54:39.965  INFO 73985 --- [restartedMain] o.s.b.d.a.OptionalLiveReloadServer       : LiveReload server is running on port 35729
2023-02-14 10:54:40.311  INFO 73985 --- [restartedMain] o.s.b.w.embedded.tomcat.TomcatWebServer  : Tomcat started on port(s): 9000 (http) with context path ''
2023-02-14 10:54:40.312  INFO 73985 --- [restartedMain] d.s.w.p.DocumentationPluginsBootstrapper : Context refreshed
2023-02-14 10:54:40.348  INFO 73985 --- [restartedMain] d.s.w.p.DocumentationPluginsBootstrapper : Found 1 custom documentation plugin(s)
2023-02-14 10:54:40.389  INFO 73985 --- [restartedMain] s.d.s.w.s.ApiListingReferenceScanner     : Scanning for api listing references
2023-02-14 10:54:40.614  INFO 73985 --- [restartedMain] .d.s.w.r.o.CachingOperationNameGenerator : Generating unique operation named: registerUserUsingPOST_1
2023-02-14 10:54:40.669  INFO 73985 --- [restartedMain] .d.s.w.r.o.CachingOperationNameGenerator : Generating unique operation named: AfficherUsingGET_1
2023-02-14 10:54:40.677  INFO 73985 --- [restartedMain] .d.s.w.r.o.CachingOperationNameGenerator : Generating unique operation named: getByIdUsingGET_1
2023-02-14 10:54:40.683  INFO 73985 --- [restartedMain] .d.s.w.r.o.CachingOperationNameGenerator : Generating unique operation named: supprimerUsingDELETE_1
2023-02-14 10:54:40.687  INFO 73985 --- [restartedMain] .d.s.w.r.o.CachingOperationNameGenerator : Generating unique operation named: updateUsingPUT_1
2023-02-14 10:54:40.698  INFO 73985 --- [restartedMain] .d.s.w.r.o.CachingOperationNameGenerator : Generating unique operation named: AfficherUsingGET_2
2023-02-14 10:54:40.706  INFO 73985 --- [restartedMain] .d.s.w.r.o.CachingOperationNameGenerator : Generating unique operation named: getByIdUsingGET_2
2023-02-14 10:54:40.722  INFO 73985 --- [restartedMain] .d.s.w.r.o.CachingOperationNameGenerator : Generating unique operation named: supprimerUsingDELETE_2
2023-02-14 10:54:40.749  INFO 73985 --- [restartedMain] .d.s.w.r.o.CachingOperationNameGenerator : Generating unique operation named: ReadUsingGET_1
2023-02-14 10:54:40.757  INFO 73985 --- [restartedMain] .d.s.w.r.o.CachingOperationNameGenerator : Generating unique operation named: getByIdUsingGET_3
2023-02-14 10:54:40.763  INFO 73985 --- [restartedMain] .d.s.w.r.o.CachingOperationNameGenerator : Generating unique operation named: AfficherUsingGET_3
2023-02-14 10:54:40.766  INFO 73985 --- [restartedMain] .d.s.w.r.o.CachingOperationNameGenerator : Generating unique operation named: createUsingPOST_1
2023-02-14 10:54:40.768  INFO 73985 --- [restartedMain] .d.s.w.r.o.CachingOperationNameGenerator : Generating unique operation named: getByIdUsingGET_4
2023-02-14 10:54:40.770  INFO 73985 --- [restartedMain] .d.s.w.r.o.CachingOperationNameGenerator : Generating unique operation named: supprimerUsingDELETE_3
2023-02-14 10:54:40.773  INFO 73985 --- [restartedMain] .d.s.w.r.o.CachingOperationNameGenerator : Generating unique operation named: updateUsingPUT_2
2023-02-14 10:54:40.815  INFO 73985 --- [restartedMain] g.geoclinique.GeoCliniqueApplication     : Started GeoCliniqueApplication in 13.263 seconds (JVM running for 18.556)
2023-02-14 10:58:19.622  INFO 73985 --- [http-nio-9000-exec-1] o.a.c.c.C.[Tomcat].[localhost].[/]       : Initializing Spring DispatcherServlet 'dispatcherServlet'
2023-02-14 10:58:19.622  INFO 73985 --- [http-nio-9000-exec-1] o.s.web.servlet.DispatcherServlet        : Initializing Servlet 'dispatcherServlet'
2023-02-14 10:58:19.625  INFO 73985 --- [http-nio-9000-exec-1] o.s.web.servlet.DispatcherServlet        : Completed initialization in 2 ms
2023-02-14 11:01:40.740  INFO 73985 --- [SpringApplicationShutdownHook] j.LocalContainerEntityManagerFactoryBean : Closing JPA EntityManagerFactory for persistence unit 'default'
2023-02-14 11:01:40.761  INFO 73985 --- [SpringApplicationShutdownHook] com.zaxxer.hikari.HikariDataSource       : HikariPool-1 - Shutdown initiated...
2023-02-14 11:01:40.810  INFO 73985 --- [SpringApplicationShutdownHook] com.zaxxer.hikari.HikariDataSource       : HikariPool-1 - Shutdown completed.
2023-02-14 11:02:03.232  INFO 75755 --- [restartedMain] g.geoclinique.GeoCliniqueApplication     : Starting GeoCliniqueApplication using Java 17.0.5 on marys-MBP.mshome.net with PID 75755 (/Users/siby/Desktop/geo-clinique/target/classes started by siby in /Users/siby/Desktop/geo-clinique)
2023-02-14 11:02:03.235  INFO 75755 --- [restartedMain] g.geoclinique.GeoCliniqueApplication     : No active profile set, falling back to 1 default profile: "default"
2023-02-14 11:02:03.387  INFO 75755 --- [restartedMain] .e.DevToolsPropertyDefaultsPostProcessor : Devtools property defaults active! Set 'spring.devtools.add-properties' to 'false' to disable
2023-02-14 11:02:03.387  INFO 75755 --- [restartedMain] .e.DevToolsPropertyDefaultsPostProcessor : For additional web related logging consider setting the 'logging.level.web' property to 'DEBUG'
2023-02-14 11:02:06.881  INFO 75755 --- [restartedMain] .s.d.r.c.RepositoryConfigurationDelegate : Bootstrapping Spring Data JPA repositories in DEFAULT mode.
2023-02-14 11:02:07.016  INFO 75755 --- [restartedMain] .s.d.r.c.RepositoryConfigurationDelegate : Finished Spring Data repository scanning in 117 ms. Found 10 JPA repository interfaces.
2023-02-14 11:02:08.596  INFO 75755 --- [restartedMain] o.s.b.w.embedded.tomcat.TomcatWebServer  : Tomcat initialized with port(s): 9000 (http)
2023-02-14 11:02:08.619  INFO 75755 --- [restartedMain] o.apache.catalina.core.StandardService   : Starting service [Tomcat]
2023-02-14 11:02:08.620  INFO 75755 --- [restartedMain] org.apache.catalina.core.StandardEngine  : Starting Servlet engine: [Apache Tomcat/9.0.71]
2023-02-14 11:02:08.763  INFO 75755 --- [restartedMain] o.a.c.c.C.[Tomcat].[localhost].[/]       : Initializing Spring embedded WebApplicationContext
2023-02-14 11:02:08.764  INFO 75755 --- [restartedMain] w.s.c.ServletWebServerApplicationContext : Root WebApplicationContext: initialization completed in 5375 ms
2023-02-14 11:02:09.308  INFO 75755 --- [restartedMain] o.hibernate.jpa.internal.util.LogHelper  : HHH000204: Processing PersistenceUnitInfo [name: default]
2023-02-14 11:02:09.422  INFO 75755 --- [restartedMain] org.hibernate.Version                    : HHH000412: Hibernate ORM core version 5.6.14.Final
2023-02-14 11:02:09.774  INFO 75755 --- [restartedMain] o.hibernate.annotations.common.Version   : HCANN000001: Hibernate Commons Annotations {5.1.2.Final}
2023-02-14 11:02:09.974  INFO 75755 --- [restartedMain] com.zaxxer.hikari.HikariDataSource       : HikariPool-1 - Starting...
2023-02-14 11:02:10.294  INFO 75755 --- [restartedMain] com.zaxxer.hikari.HikariDataSource       : HikariPool-1 - Start completed.
2023-02-14 11:02:10.319  INFO 75755 --- [restartedMain] org.hibernate.dialect.Dialect            : HHH000400: Using dialect: org.hibernate.dialect.MySQL5InnoDBDialect
2023-02-14 11:02:10.754  INFO 75755 --- [restartedMain] o.hibernate.id.enhanced.TableGenerator   : HHH000398: Explicit segment value for id generator [hibernate_sequences.sequence_name] suggested; using default [default]
2023-02-14 11:02:13.146  INFO 75755 --- [restartedMain] o.h.e.t.j.p.i.JtaPlatformInitiator       : HHH000490: Using JtaPlatform implementation: [org.hibernate.engine.transaction.jta.platform.internal.NoJtaPlatform]
2023-02-14 11:02:13.161  INFO 75755 --- [restartedMain] j.LocalContainerEntityManagerFactoryBean : Initialized JPA EntityManagerFactory for persistence unit 'default'
2023-02-14 11:02:16.224  WARN 75755 --- [restartedMain] JpaBaseConfiguration$JpaWebConfiguration : spring.jpa.open-in-view is enabled by default. Therefore, database queries may be performed during view rendering. Explicitly configure spring.jpa.open-in-view to disable this warning
2023-02-14 11:02:16.593  INFO 75755 --- [restartedMain] pertySourcedRequestMappingHandlerMapping : Mapped URL path [/v2/api-docs] onto method [springfox.documentation.swagger2.web.Swagger2Controller#getDocumentation(String, HttpServletRequest)]
2023-02-14 11:02:17.996  INFO 75755 --- [restartedMain] o.s.s.web.DefaultSecurityFilterChain     : Will secure any request with [org.springframework.security.web.session.DisableEncodeUrlFilter@3c99f082, org.springframework.security.web.context.request.async.WebAsyncManagerIntegrationFilter@2525a8e6, org.springframework.security.web.context.SecurityContextPersistenceFilter@70b0e320, org.springframework.security.web.header.HeaderWriterFilter@5b055d55, org.springframework.web.filter.CorsFilter@71cddb97, org.springframework.security.web.authentication.logout.LogoutFilter@4c692d0c, geoclinique.geoclinique.security.jwt.AuthTokenFilter@29537cec, org.springframework.security.web.savedrequest.RequestCacheAwareFilter@2e115707, org.springframework.security.web.servletapi.SecurityContextHolderAwareRequestFilter@4ea78e71, org.springframework.security.web.authentication.AnonymousAuthenticationFilter@30d22027, org.springframework.security.web.session.SessionManagementFilter@46b34ba6, org.springframework.security.web.access.ExceptionTranslationFilter@3b4ba689, org.springframework.security.web.access.intercept.FilterSecurityInterceptor@31b5021d]
2023-02-14 11:02:18.165  INFO 75755 --- [restartedMain] o.s.b.d.a.OptionalLiveReloadServer       : LiveReload server is running on port 35729
2023-02-14 11:02:18.594  INFO 75755 --- [restartedMain] o.s.b.w.embedded.tomcat.TomcatWebServer  : Tomcat started on port(s): 9000 (http) with context path ''
2023-02-14 11:02:18.596  INFO 75755 --- [restartedMain] d.s.w.p.DocumentationPluginsBootstrapper : Context refreshed
2023-02-14 11:02:18.638  INFO 75755 --- [restartedMain] d.s.w.p.DocumentationPluginsBootstrapper : Found 1 custom documentation plugin(s)
2023-02-14 11:02:18.707  INFO 75755 --- [restartedMain] s.d.s.w.s.ApiListingReferenceScanner     : Scanning for api listing references
2023-02-14 11:02:19.629  INFO 75755 --- [restartedMain] .d.s.w.r.o.CachingOperationNameGenerator : Generating unique operation named: registerUserUsingPOST_1
2023-02-14 11:02:20.592  INFO 75755 --- [restartedMain] .d.s.w.r.o.CachingOperationNameGenerator : Generating unique operation named: AfficherUsingGET_1
2023-02-14 11:02:20.739  INFO 75755 --- [restartedMain] .d.s.w.r.o.CachingOperationNameGenerator : Generating unique operation named: getByIdUsingGET_1
2023-02-14 11:02:20.846  INFO 75755 --- [restartedMain] .d.s.w.r.o.CachingOperationNameGenerator : Generating unique operation named: supprimerUsingDELETE_1
2023-02-14 11:02:20.956  INFO 75755 --- [restartedMain] .d.s.w.r.o.CachingOperationNameGenerator : Generating unique operation named: updateUsingPUT_1
2023-02-14 11:02:21.255  INFO 75755 --- [restartedMain] .d.s.w.r.o.CachingOperationNameGenerator : Generating unique operation named: AfficherUsingGET_2
2023-02-14 11:02:21.299  INFO 75755 --- [restartedMain] .d.s.w.r.o.CachingOperationNameGenerator : Generating unique operation named: getByIdUsingGET_2
2023-02-14 11:02:21.579  INFO 75755 --- [restartedMain] .d.s.w.r.o.CachingOperationNameGenerator : Generating unique operation named: supprimerUsingDELETE_2
2023-02-14 11:02:21.659  INFO 75755 --- [restartedMain] .d.s.w.r.o.CachingOperationNameGenerator : Generating unique operation named: ReadUsingGET_1
2023-02-14 11:02:21.784  INFO 75755 --- [restartedMain] .d.s.w.r.o.CachingOperationNameGenerator : Generating unique operation named: getByIdUsingGET_3
2023-02-14 11:02:21.863  INFO 75755 --- [restartedMain] .d.s.w.r.o.CachingOperationNameGenerator : Generating unique operation named: AfficherUsingGET_3
2023-02-14 11:02:21.900  INFO 75755 --- [restartedMain] .d.s.w.r.o.CachingOperationNameGenerator : Generating unique operation named: createUsingPOST_1
2023-02-14 11:02:21.908  INFO 75755 --- [restartedMain] .d.s.w.r.o.CachingOperationNameGenerator : Generating unique operation named: getByIdUsingGET_4
2023-02-14 11:02:21.932  INFO 75755 --- [restartedMain] .d.s.w.r.o.CachingOperationNameGenerator : Generating unique operation named: supprimerUsingDELETE_3
2023-02-14 11:02:21.944  INFO 75755 --- [restartedMain] .d.s.w.r.o.CachingOperationNameGenerator : Generating unique operation named: updateUsingPUT_2
2023-02-14 11:02:22.381  INFO 75755 --- [restartedMain] g.geoclinique.GeoCliniqueApplication     : Started GeoCliniqueApplication in 20.468 seconds (JVM running for 22.721)
2023-02-14 11:02:30.557  INFO 75755 --- [http-nio-9000-exec-1] o.a.c.c.C.[Tomcat].[localhost].[/]       : Initializing Spring DispatcherServlet 'dispatcherServlet'
2023-02-14 11:02:30.558  INFO 75755 --- [http-nio-9000-exec-1] o.s.web.servlet.DispatcherServlet        : Initializing Servlet 'dispatcherServlet'
2023-02-14 11:02:30.597  INFO 75755 --- [http-nio-9000-exec-1] o.s.web.servlet.DispatcherServlet        : Completed initialization in 38 ms
2023-02-14 12:46:11.749  WARN 75755 --- [HikariPool-1 housekeeper] com.zaxxer.hikari.pool.HikariPool        : HikariPool-1 - Thread starvation or clock leap detected (housekeeper delta=1h10m31s215ms).
2023-02-14 13:24:34.358  WARN 75755 --- [HikariPool-1 housekeeper] com.zaxxer.hikari.pool.HikariPool        : HikariPool-1 - Thread starvation or clock leap detected (housekeeper delta=38m21s996ms).
2023-02-14 13:38:34.663  WARN 75755 --- [HikariPool-1 housekeeper] com.zaxxer.hikari.pool.HikariPool        : HikariPool-1 - Retrograde clock change detected (housekeeper delta=29s774ms), soft-evicting connections from pool.
2023-02-14 13:42:04.347  WARN 75755 --- [HikariPool-1 housekeeper] com.zaxxer.hikari.pool.HikariPool        : HikariPool-1 - Retrograde clock change detected (housekeeper delta=29s497ms), soft-evicting connections from pool.
2023-02-14 13:46:07.005  WARN 75755 --- [http-nio-9000-exec-5] o.h.e.i.StatefulPersistenceContext       : HHH000179: Narrowing proxy to class geoclinique.geoclinique.model.Patients - this operation breaks ==
2023-02-14 14:01:01.898  INFO 75755 --- [SpringApplicationShutdownHook] j.LocalContainerEntityManagerFactoryBean : Closing JPA EntityManagerFactory for persistence unit 'default'
2023-02-14 14:01:02.116  INFO 75755 --- [SpringApplicationShutdownHook] com.zaxxer.hikari.HikariDataSource       : HikariPool-1 - Shutdown initiated...
2023-02-14 14:01:02.405  INFO 75755 --- [SpringApplicationShutdownHook] com.zaxxer.hikari.HikariDataSource       : HikariPool-1 - Shutdown completed.
2023-02-14 14:01:34.170  INFO 93746 --- [restartedMain] g.geoclinique.GeoCliniqueApplication     : Starting GeoCliniqueApplication using Java 17.0.5 on marys-MBP.mshome.net with PID 93746 (/Users/siby/Desktop/geo-clinique/target/classes started by siby in /Users/siby/Desktop/geo-clinique)
2023-02-14 14:01:34.187  INFO 93746 --- [restartedMain] g.geoclinique.GeoCliniqueApplication     : No active profile set, falling back to 1 default profile: "default"
2023-02-14 14:01:34.674  INFO 93746 --- [restartedMain] .e.DevToolsPropertyDefaultsPostProcessor : Devtools property defaults active! Set 'spring.devtools.add-properties' to 'false' to disable
2023-02-14 14:01:34.675  INFO 93746 --- [restartedMain] .e.DevToolsPropertyDefaultsPostProcessor : For additional web related logging consider setting the 'logging.level.web' property to 'DEBUG'
2023-02-14 14:01:38.429  INFO 93746 --- [restartedMain] .s.d.r.c.RepositoryConfigurationDelegate : Bootstrapping Spring Data JPA repositories in DEFAULT mode.
2023-02-14 14:01:38.605  INFO 93746 --- [restartedMain] .s.d.r.c.RepositoryConfigurationDelegate : Finished Spring Data repository scanning in 162 ms. Found 10 JPA repository interfaces.
2023-02-14 14:01:41.857  INFO 93746 --- [restartedMain] o.s.b.w.embedded.tomcat.TomcatWebServer  : Tomcat initialized with port(s): 9000 (http)
2023-02-14 14:01:41.913  INFO 93746 --- [restartedMain] o.apache.catalina.core.StandardService   : Starting service [Tomcat]
2023-02-14 14:01:41.914  INFO 93746 --- [restartedMain] org.apache.catalina.core.StandardEngine  : Starting Servlet engine: [Apache Tomcat/9.0.71]
2023-02-14 14:01:42.261  INFO 93746 --- [restartedMain] o.a.c.c.C.[Tomcat].[localhost].[/]       : Initializing Spring embedded WebApplicationContext
2023-02-14 14:01:42.262  INFO 93746 --- [restartedMain] w.s.c.ServletWebServerApplicationContext : Root WebApplicationContext: initialization completed in 7583 ms
2023-02-14 14:01:42.700  INFO 93746 --- [restartedMain] o.hibernate.jpa.internal.util.LogHelper  : HHH000204: Processing PersistenceUnitInfo [name: default]
2023-02-14 14:01:42.797  INFO 93746 --- [restartedMain] org.hibernate.Version                    : HHH000412: Hibernate ORM core version 5.6.14.Final
2023-02-14 14:01:43.304  INFO 93746 --- [restartedMain] o.hibernate.annotations.common.Version   : HCANN000001: Hibernate Commons Annotations {5.1.2.Final}
2023-02-14 14:01:43.531  INFO 93746 --- [restartedMain] com.zaxxer.hikari.HikariDataSource       : HikariPool-1 - Starting...
2023-02-14 14:01:43.879  INFO 93746 --- [restartedMain] com.zaxxer.hikari.HikariDataSource       : HikariPool-1 - Start completed.
2023-02-14 14:01:43.928  INFO 93746 --- [restartedMain] org.hibernate.dialect.Dialect            : HHH000400: Using dialect: org.hibernate.dialect.MySQL5InnoDBDialect
2023-02-14 14:01:44.710  INFO 93746 --- [restartedMain] o.hibernate.id.enhanced.TableGenerator   : HHH000398: Explicit segment value for id generator [hibernate_sequences.sequence_name] suggested; using default [default]
2023-02-14 14:01:47.094  INFO 93746 --- [restartedMain] o.h.e.t.j.p.i.JtaPlatformInitiator       : HHH000490: Using JtaPlatform implementation: [org.hibernate.engine.transaction.jta.platform.internal.NoJtaPlatform]
2023-02-14 14:01:47.107  INFO 93746 --- [restartedMain] j.LocalContainerEntityManagerFactoryBean : Initialized JPA EntityManagerFactory for persistence unit 'default'
2023-02-14 14:01:51.714  WARN 93746 --- [restartedMain] JpaBaseConfiguration$JpaWebConfiguration : spring.jpa.open-in-view is enabled by default. Therefore, database queries may be performed during view rendering. Explicitly configure spring.jpa.open-in-view to disable this warning
2023-02-14 14:01:52.111  INFO 93746 --- [restartedMain] pertySourcedRequestMappingHandlerMapping : Mapped URL path [/v2/api-docs] onto method [springfox.documentation.swagger2.web.Swagger2Controller#getDocumentation(String, HttpServletRequest)]
2023-02-14 14:01:53.305  INFO 93746 --- [restartedMain] o.s.s.web.DefaultSecurityFilterChain     : Will secure any request with [org.springframework.security.web.session.DisableEncodeUrlFilter@1eaa2f5e, org.springframework.security.web.context.request.async.WebAsyncManagerIntegrationFilter@53920a20, org.springframework.security.web.context.SecurityContextPersistenceFilter@2e2c2eb6, org.springframework.security.web.header.HeaderWriterFilter@21ac0c1e, org.springframework.web.filter.CorsFilter@48cd4eab, org.springframework.security.web.authentication.logout.LogoutFilter@79d7a477, geoclinique.geoclinique.security.jwt.AuthTokenFilter@5c1513ff, org.springframework.security.web.savedrequest.RequestCacheAwareFilter@6929b3e3, org.springframework.security.web.servletapi.SecurityContextHolderAwareRequestFilter@68806b96, org.springframework.security.web.authentication.AnonymousAuthenticationFilter@4e0e4a17, org.springframework.security.web.session.SessionManagementFilter@1b2fa948, org.springframework.security.web.access.ExceptionTranslationFilter@5530f246, org.springframework.security.web.access.intercept.FilterSecurityInterceptor@1d6a03e8]
2023-02-14 14:01:53.522  INFO 93746 --- [restartedMain] o.s.b.d.a.OptionalLiveReloadServer       : LiveReload server is running on port 35729
2023-02-14 14:01:53.847  INFO 93746 --- [restartedMain] o.s.b.w.embedded.tomcat.TomcatWebServer  : Tomcat started on port(s): 9000 (http) with context path ''
2023-02-14 14:01:53.849  INFO 93746 --- [restartedMain] d.s.w.p.DocumentationPluginsBootstrapper : Context refreshed
2023-02-14 14:01:53.885  INFO 93746 --- [restartedMain] d.s.w.p.DocumentationPluginsBootstrapper : Found 1 custom documentation plugin(s)
2023-02-14 14:01:53.936  INFO 93746 --- [restartedMain] s.d.s.w.s.ApiListingReferenceScanner     : Scanning for api listing references
2023-02-14 14:01:54.230  INFO 93746 --- [restartedMain] .d.s.w.r.o.CachingOperationNameGenerator : Generating unique operation named: registerUserUsingPOST_1
2023-02-14 14:01:54.305  INFO 93746 --- [restartedMain] .d.s.w.r.o.CachingOperationNameGenerator : Generating unique operation named: AfficherUsingGET_1
2023-02-14 14:01:54.331  INFO 93746 --- [restartedMain] .d.s.w.r.o.CachingOperationNameGenerator : Generating unique operation named: getByIdUsingGET_1
2023-02-14 14:01:54.337  INFO 93746 --- [restartedMain] .d.s.w.r.o.CachingOperationNameGenerator : Generating unique operation named: supprimerUsingDELETE_1
2023-02-14 14:01:54.341  INFO 93746 --- [restartedMain] .d.s.w.r.o.CachingOperationNameGenerator : Generating unique operation named: updateUsingPUT_1
2023-02-14 14:01:54.357  INFO 93746 --- [restartedMain] .d.s.w.r.o.CachingOperationNameGenerator : Generating unique operation named: AfficherUsingGET_2
2023-02-14 14:01:54.370  INFO 93746 --- [restartedMain] .d.s.w.r.o.CachingOperationNameGenerator : Generating unique operation named: getByIdUsingGET_2
2023-02-14 14:01:54.386  INFO 93746 --- [restartedMain] .d.s.w.r.o.CachingOperationNameGenerator : Generating unique operation named: supprimerUsingDELETE_2
2023-02-14 14:01:54.450  INFO 93746 --- [restartedMain] .d.s.w.r.o.CachingOperationNameGenerator : Generating unique operation named: ReadUsingGET_1
2023-02-14 14:01:54.485  INFO 93746 --- [restartedMain] .d.s.w.r.o.CachingOperationNameGenerator : Generating unique operation named: getByIdUsingGET_3
2023-02-14 14:01:54.530  INFO 93746 --- [restartedMain] .d.s.w.r.o.CachingOperationNameGenerator : Generating unique operation named: AfficherUsingGET_3
2023-02-14 14:01:54.536  INFO 93746 --- [restartedMain] .d.s.w.r.o.CachingOperationNameGenerator : Generating unique operation named: createUsingPOST_1
2023-02-14 14:01:54.541  INFO 93746 --- [restartedMain] .d.s.w.r.o.CachingOperationNameGenerator : Generating unique operation named: getByIdUsingGET_4
2023-02-14 14:01:54.546  INFO 93746 --- [restartedMain] .d.s.w.r.o.CachingOperationNameGenerator : Generating unique operation named: supprimerUsingDELETE_3
2023-02-14 14:01:54.550  INFO 93746 --- [restartedMain] .d.s.w.r.o.CachingOperationNameGenerator : Generating unique operation named: updateUsingPUT_2
2023-02-14 14:01:54.593  INFO 93746 --- [restartedMain] g.geoclinique.GeoCliniqueApplication     : Started GeoCliniqueApplication in 22.098 seconds (JVM running for 27.482)
2023-02-14 14:03:08.379  INFO 93746 --- [http-nio-9000-exec-2] o.a.c.c.C.[Tomcat].[localhost].[/]       : Initializing Spring DispatcherServlet 'dispatcherServlet'
2023-02-14 14:03:08.384  INFO 93746 --- [http-nio-9000-exec-2] o.s.web.servlet.DispatcherServlet        : Initializing Servlet 'dispatcherServlet'
2023-02-14 14:03:08.418  INFO 93746 --- [http-nio-9000-exec-2] o.s.web.servlet.DispatcherServlet        : Completed initialization in 33 ms
2023-02-14 15:26:07.376  INFO 93746 --- [SpringApplicationShutdownHook] j.LocalContainerEntityManagerFactoryBean : Closing JPA EntityManagerFactory for persistence unit 'default'
2023-02-14 15:26:08.043  INFO 93746 --- [SpringApplicationShutdownHook] com.zaxxer.hikari.HikariDataSource       : HikariPool-1 - Shutdown initiated...
2023-02-14 15:26:08.160  INFO 93746 --- [SpringApplicationShutdownHook] com.zaxxer.hikari.HikariDataSource       : HikariPool-1 - Shutdown completed.
2023-02-14 15:26:29.294  INFO 13556 --- [restartedMain] g.geoclinique.GeoCliniqueApplication     : Starting GeoCliniqueApplication using Java 17.0.5 on marys-MBP.mshome.net with PID 13556 (/Users/siby/Desktop/geo-clinique/target/classes started by siby in /Users/siby/Desktop/geo-clinique)
2023-02-14 15:26:29.298  INFO 13556 --- [restartedMain] g.geoclinique.GeoCliniqueApplication     : No active profile set, falling back to 1 default profile: "default"
2023-02-14 15:26:29.551  INFO 13556 --- [restartedMain] .e.DevToolsPropertyDefaultsPostProcessor : Devtools property defaults active! Set 'spring.devtools.add-properties' to 'false' to disable
2023-02-14 15:26:29.551  INFO 13556 --- [restartedMain] .e.DevToolsPropertyDefaultsPostProcessor : For additional web related logging consider setting the 'logging.level.web' property to 'DEBUG'
2023-02-14 15:26:31.710  INFO 13556 --- [restartedMain] .s.d.r.c.RepositoryConfigurationDelegate : Bootstrapping Spring Data JPA repositories in DEFAULT mode.
2023-02-14 15:26:31.939  INFO 13556 --- [restartedMain] .s.d.r.c.RepositoryConfigurationDelegate : Finished Spring Data repository scanning in 204 ms. Found 10 JPA repository interfaces.
2023-02-14 15:26:33.453  INFO 13556 --- [restartedMain] o.s.b.w.embedded.tomcat.TomcatWebServer  : Tomcat initialized with port(s): 9000 (http)
2023-02-14 15:26:33.473  INFO 13556 --- [restartedMain] o.apache.catalina.core.StandardService   : Starting service [Tomcat]
2023-02-14 15:26:33.473  INFO 13556 --- [restartedMain] org.apache.catalina.core.StandardEngine  : Starting Servlet engine: [Apache Tomcat/9.0.71]
2023-02-14 15:26:33.606  INFO 13556 --- [restartedMain] o.a.c.c.C.[Tomcat].[localhost].[/]       : Initializing Spring embedded WebApplicationContext
2023-02-14 15:26:33.607  INFO 13556 --- [restartedMain] w.s.c.ServletWebServerApplicationContext : Root WebApplicationContext: initialization completed in 4053 ms
2023-02-14 15:26:34.250  INFO 13556 --- [restartedMain] o.hibernate.jpa.internal.util.LogHelper  : HHH000204: Processing PersistenceUnitInfo [name: default]
2023-02-14 15:26:34.361  INFO 13556 --- [restartedMain] org.hibernate.Version                    : HHH000412: Hibernate ORM core version 5.6.14.Final
2023-02-14 15:26:34.690  INFO 13556 --- [restartedMain] o.hibernate.annotations.common.Version   : HCANN000001: Hibernate Commons Annotations {5.1.2.Final}
2023-02-14 15:26:34.898  INFO 13556 --- [restartedMain] com.zaxxer.hikari.HikariDataSource       : HikariPool-1 - Starting...
2023-02-14 15:26:35.325  INFO 13556 --- [restartedMain] com.zaxxer.hikari.HikariDataSource       : HikariPool-1 - Start completed.
2023-02-14 15:26:35.425  INFO 13556 --- [restartedMain] org.hibernate.dialect.Dialect            : HHH000400: Using dialect: org.hibernate.dialect.MySQL5InnoDBDialect
2023-02-14 15:26:36.914  INFO 13556 --- [restartedMain] o.hibernate.id.enhanced.TableGenerator   : HHH000398: Explicit segment value for id generator [hibernate_sequences.sequence_name] suggested; using default [default]
2023-02-14 15:26:41.976  INFO 13556 --- [restartedMain] o.h.e.t.j.p.i.JtaPlatformInitiator       : HHH000490: Using JtaPlatform implementation: [org.hibernate.engine.transaction.jta.platform.internal.NoJtaPlatform]
2023-02-14 15:26:41.998  INFO 13556 --- [restartedMain] j.LocalContainerEntityManagerFactoryBean : Initialized JPA EntityManagerFactory for persistence unit 'default'
2023-02-14 15:26:44.805  WARN 13556 --- [restartedMain] JpaBaseConfiguration$JpaWebConfiguration : spring.jpa.open-in-view is enabled by default. Therefore, database queries may be performed during view rendering. Explicitly configure spring.jpa.open-in-view to disable this warning
2023-02-14 15:26:45.301  INFO 13556 --- [restartedMain] pertySourcedRequestMappingHandlerMapping : Mapped URL path [/v2/api-docs] onto method [springfox.documentation.swagger2.web.Swagger2Controller#getDocumentation(String, HttpServletRequest)]
2023-02-14 15:26:46.749  INFO 13556 --- [restartedMain] o.s.s.web.DefaultSecurityFilterChain     : Will secure any request with [org.springframework.security.web.session.DisableEncodeUrlFilter@3c99f082, org.springframework.security.web.context.request.async.WebAsyncManagerIntegrationFilter@2525a8e6, org.springframework.security.web.context.SecurityContextPersistenceFilter@3979dd66, org.springframework.security.web.header.HeaderWriterFilter@5f40c91e, org.springframework.web.filter.CorsFilter@71cddb97, org.springframework.security.web.authentication.logout.LogoutFilter@2acbc223, geoclinique.geoclinique.security.jwt.AuthTokenFilter@4b522e4f, org.springframework.security.web.savedrequest.RequestCacheAwareFilter@220ee92a, org.springframework.security.web.servletapi.SecurityContextHolderAwareRequestFilter@50282f1c, org.springframework.security.web.authentication.AnonymousAuthenticationFilter@30d22027, org.springframework.security.web.session.SessionManagementFilter@2c8268eb, org.springframework.security.web.access.ExceptionTranslationFilter@63ccbac4, org.springframework.security.web.access.intercept.FilterSecurityInterceptor@31b5021d]
2023-02-14 15:26:47.034  INFO 13556 --- [restartedMain] o.s.b.d.a.OptionalLiveReloadServer       : LiveReload server is running on port 35729
2023-02-14 15:26:47.598  INFO 13556 --- [restartedMain] o.s.b.w.embedded.tomcat.TomcatWebServer  : Tomcat started on port(s): 9000 (http) with context path ''
2023-02-14 15:26:47.599  INFO 13556 --- [restartedMain] d.s.w.p.DocumentationPluginsBootstrapper : Context refreshed
2023-02-14 15:26:47.638  INFO 13556 --- [restartedMain] d.s.w.p.DocumentationPluginsBootstrapper : Found 1 custom documentation plugin(s)
2023-02-14 15:26:47.679  INFO 13556 --- [restartedMain] s.d.s.w.s.ApiListingReferenceScanner     : Scanning for api listing references
2023-02-14 15:26:48.099  INFO 13556 --- [restartedMain] .d.s.w.r.o.CachingOperationNameGenerator : Generating unique operation named: registerUserUsingPOST_1
2023-02-14 15:26:48.255  INFO 13556 --- [restartedMain] .d.s.w.r.o.CachingOperationNameGenerator : Generating unique operation named: AfficherUsingGET_1
2023-02-14 15:26:48.267  INFO 13556 --- [restartedMain] .d.s.w.r.o.CachingOperationNameGenerator : Generating unique operation named: getByIdUsingGET_1
2023-02-14 15:26:48.293  INFO 13556 --- [restartedMain] .d.s.w.r.o.CachingOperationNameGenerator : Generating unique operation named: supprimerUsingDELETE_1
2023-02-14 15:26:48.301  INFO 13556 --- [restartedMain] .d.s.w.r.o.CachingOperationNameGenerator : Generating unique operation named: updateUsingPUT_1
2023-02-14 15:26:48.324  INFO 13556 --- [restartedMain] .d.s.w.r.o.CachingOperationNameGenerator : Generating unique operation named: AfficherUsingGET_2
2023-02-14 15:26:48.346  INFO 13556 --- [restartedMain] .d.s.w.r.o.CachingOperationNameGenerator : Generating unique operation named: getByIdUsingGET_2
2023-02-14 15:26:48.371  INFO 13556 --- [restartedMain] .d.s.w.r.o.CachingOperationNameGenerator : Generating unique operation named: supprimerUsingDELETE_2
2023-02-14 15:26:48.402  INFO 13556 --- [restartedMain] .d.s.w.r.o.CachingOperationNameGenerator : Generating unique operation named: ReadUsingGET_1
2023-02-14 15:26:48.411  INFO 13556 --- [restartedMain] .d.s.w.r.o.CachingOperationNameGenerator : Generating unique operation named: getByIdUsingGET_3
2023-02-14 15:26:48.421  INFO 13556 --- [restartedMain] .d.s.w.r.o.CachingOperationNameGenerator : Generating unique operation named: supprimerUsingDELETE_3
2023-02-14 15:26:48.428  INFO 13556 --- [restartedMain] .d.s.w.r.o.CachingOperationNameGenerator : Generating unique operation named: updateUsingPUT_2
2023-02-14 15:26:48.433  INFO 13556 --- [restartedMain] .d.s.w.r.o.CachingOperationNameGenerator : Generating unique operation named: AfficherUsingGET_3
2023-02-14 15:26:48.436  INFO 13556 --- [restartedMain] .d.s.w.r.o.CachingOperationNameGenerator : Generating unique operation named: createUsingPOST_1
2023-02-14 15:26:48.446  INFO 13556 --- [restartedMain] .d.s.w.r.o.CachingOperationNameGenerator : Generating unique operation named: getByIdUsingGET_4
2023-02-14 15:26:48.450  INFO 13556 --- [restartedMain] .d.s.w.r.o.CachingOperationNameGenerator : Generating unique operation named: supprimerUsingDELETE_4
2023-02-14 15:26:48.453  INFO 13556 --- [restartedMain] .d.s.w.r.o.CachingOperationNameGenerator : Generating unique operation named: updateUsingPUT_3
2023-02-14 15:26:48.488  INFO 13556 --- [restartedMain] g.geoclinique.GeoCliniqueApplication     : Started GeoCliniqueApplication in 20.734 seconds (JVM running for 23.364)
2023-02-14 15:28:11.253  INFO 13556 --- [http-nio-9000-exec-1] o.a.c.c.C.[Tomcat].[localhost].[/]       : Initializing Spring DispatcherServlet 'dispatcherServlet'
2023-02-14 15:28:11.255  INFO 13556 --- [http-nio-9000-exec-1] o.s.web.servlet.DispatcherServlet        : Initializing Servlet 'dispatcherServlet'
2023-02-14 15:28:11.266  INFO 13556 --- [http-nio-9000-exec-1] o.s.web.servlet.DispatcherServlet        : Completed initialization in 11 ms
2023-02-14 15:37:51.615  INFO 13556 --- [SpringApplicationShutdownHook] j.LocalContainerEntityManagerFactoryBean : Closing JPA EntityManagerFactory for persistence unit 'default'
2023-02-14 15:37:51.706  INFO 13556 --- [SpringApplicationShutdownHook] com.zaxxer.hikari.HikariDataSource       : HikariPool-1 - Shutdown initiated...
2023-02-14 15:37:51.770  INFO 13556 --- [SpringApplicationShutdownHook] com.zaxxer.hikari.HikariDataSource       : HikariPool-1 - Shutdown completed.
2023-02-14 15:38:18.007  INFO 16196 --- [restartedMain] g.geoclinique.GeoCliniqueApplication     : Starting GeoCliniqueApplication using Java 17.0.5 on marys-MBP.mshome.net with PID 16196 (/Users/siby/Desktop/geo-clinique/target/classes started by siby in /Users/siby/Desktop/geo-clinique)
2023-02-14 15:38:18.012  INFO 16196 --- [restartedMain] g.geoclinique.GeoCliniqueApplication     : No active profile set, falling back to 1 default profile: "default"
2023-02-14 15:38:18.460  INFO 16196 --- [restartedMain] .e.DevToolsPropertyDefaultsPostProcessor : Devtools property defaults active! Set 'spring.devtools.add-properties' to 'false' to disable
2023-02-14 15:38:18.462  INFO 16196 --- [restartedMain] .e.DevToolsPropertyDefaultsPostProcessor : For additional web related logging consider setting the 'logging.level.web' property to 'DEBUG'
2023-02-14 15:38:22.916  INFO 16196 --- [restartedMain] .s.d.r.c.RepositoryConfigurationDelegate : Bootstrapping Spring Data JPA repositories in DEFAULT mode.
2023-02-14 15:38:23.096  INFO 16196 --- [restartedMain] .s.d.r.c.RepositoryConfigurationDelegate : Finished Spring Data repository scanning in 165 ms. Found 10 JPA repository interfaces.
2023-02-14 15:38:25.591  INFO 16196 --- [restartedMain] o.s.b.w.embedded.tomcat.TomcatWebServer  : Tomcat initialized with port(s): 9000 (http)
2023-02-14 15:38:25.623  INFO 16196 --- [restartedMain] o.apache.catalina.core.StandardService   : Starting service [Tomcat]
2023-02-14 15:38:25.624  INFO 16196 --- [restartedMain] org.apache.catalina.core.StandardEngine  : Starting Servlet engine: [Apache Tomcat/9.0.71]
2023-02-14 15:38:25.984  INFO 16196 --- [restartedMain] o.a.c.c.C.[Tomcat].[localhost].[/]       : Initializing Spring embedded WebApplicationContext
2023-02-14 15:38:25.987  INFO 16196 --- [restartedMain] w.s.c.ServletWebServerApplicationContext : Root WebApplicationContext: initialization completed in 7523 ms
2023-02-14 15:38:26.371  INFO 16196 --- [restartedMain] o.hibernate.jpa.internal.util.LogHelper  : HHH000204: Processing PersistenceUnitInfo [name: default]
2023-02-14 15:38:26.641  INFO 16196 --- [restartedMain] org.hibernate.Version                    : HHH000412: Hibernate ORM core version 5.6.14.Final
2023-02-14 15:38:27.316  INFO 16196 --- [restartedMain] o.hibernate.annotations.common.Version   : HCANN000001: Hibernate Commons Annotations {5.1.2.Final}
2023-02-14 15:38:27.621  INFO 16196 --- [restartedMain] com.zaxxer.hikari.HikariDataSource       : HikariPool-1 - Starting...
2023-02-14 15:38:28.043  INFO 16196 --- [restartedMain] com.zaxxer.hikari.HikariDataSource       : HikariPool-1 - Start completed.
2023-02-14 15:38:28.103  INFO 16196 --- [restartedMain] org.hibernate.dialect.Dialect            : HHH000400: Using dialect: org.hibernate.dialect.MySQL5InnoDBDialect
2023-02-14 15:38:28.497  INFO 16196 --- [restartedMain] o.hibernate.id.enhanced.TableGenerator   : HHH000398: Explicit segment value for id generator [hibernate_sequences.sequence_name] suggested; using default [default]
2023-02-14 15:38:31.965  INFO 16196 --- [restartedMain] o.h.e.t.j.p.i.JtaPlatformInitiator       : HHH000490: Using JtaPlatform implementation: [org.hibernate.engine.transaction.jta.platform.internal.NoJtaPlatform]
2023-02-14 15:38:31.985  INFO 16196 --- [restartedMain] j.LocalContainerEntityManagerFactoryBean : Initialized JPA EntityManagerFactory for persistence unit 'default'
2023-02-14 15:38:34.296  WARN 16196 --- [restartedMain] JpaBaseConfiguration$JpaWebConfiguration : spring.jpa.open-in-view is enabled by default. Therefore, database queries may be performed during view rendering. Explicitly configure spring.jpa.open-in-view to disable this warning
2023-02-14 15:38:34.558  INFO 16196 --- [restartedMain] pertySourcedRequestMappingHandlerMapping : Mapped URL path [/v2/api-docs] onto method [springfox.documentation.swagger2.web.Swagger2Controller#getDocumentation(String, HttpServletRequest)]
2023-02-14 15:38:35.697  INFO 16196 --- [restartedMain] o.s.s.web.DefaultSecurityFilterChain     : Will secure any request with [org.springframework.security.web.session.DisableEncodeUrlFilter@19628837, org.springframework.security.web.context.request.async.WebAsyncManagerIntegrationFilter@58b5d316, org.springframework.security.web.context.SecurityContextPersistenceFilter@5530f246, org.springframework.security.web.header.HeaderWriterFilter@1d8d9504, org.springframework.web.filter.CorsFilter@61d92846, org.springframework.security.web.authentication.logout.LogoutFilter@4eb44371, geoclinique.geoclinique.security.jwt.AuthTokenFilter@1b439966, org.springframework.security.web.savedrequest.RequestCacheAwareFilter@21ac0c1e, org.springframework.security.web.servletapi.SecurityContextHolderAwareRequestFilter@798a6e37, org.springframework.security.web.authentication.AnonymousAuthenticationFilter@2d12fb38, org.springframework.security.web.session.SessionManagementFilter@1cd75153, org.springframework.security.web.access.ExceptionTranslationFilter@b6ef89d, org.springframework.security.web.access.intercept.FilterSecurityInterceptor@6724c653]
2023-02-14 15:38:36.289  INFO 16196 --- [restartedMain] o.s.b.d.a.OptionalLiveReloadServer       : LiveReload server is running on port 35729
2023-02-14 15:38:36.811  INFO 16196 --- [restartedMain] o.s.b.w.embedded.tomcat.TomcatWebServer  : Tomcat started on port(s): 9000 (http) with context path ''
2023-02-14 15:38:36.812  INFO 16196 --- [restartedMain] d.s.w.p.DocumentationPluginsBootstrapper : Context refreshed
2023-02-14 15:38:36.897  INFO 16196 --- [restartedMain] d.s.w.p.DocumentationPluginsBootstrapper : Found 1 custom documentation plugin(s)
2023-02-14 15:38:36.946  INFO 16196 --- [restartedMain] s.d.s.w.s.ApiListingReferenceScanner     : Scanning for api listing references
2023-02-14 15:38:37.285  INFO 16196 --- [restartedMain] .d.s.w.r.o.CachingOperationNameGenerator : Generating unique operation named: registerUserUsingPOST_1
2023-02-14 15:38:37.368  INFO 16196 --- [restartedMain] .d.s.w.r.o.CachingOperationNameGenerator : Generating unique operation named: AfficherUsingGET_1
2023-02-14 15:38:37.375  INFO 16196 --- [restartedMain] .d.s.w.r.o.CachingOperationNameGenerator : Generating unique operation named: getByIdUsingGET_1
2023-02-14 15:38:37.380  INFO 16196 --- [restartedMain] .d.s.w.r.o.CachingOperationNameGenerator : Generating unique operation named: supprimerUsingDELETE_1
2023-02-14 15:38:37.384  INFO 16196 --- [restartedMain] .d.s.w.r.o.CachingOperationNameGenerator : Generating unique operation named: updateUsingPUT_1
2023-02-14 15:38:37.395  INFO 16196 --- [restartedMain] .d.s.w.r.o.CachingOperationNameGenerator : Generating unique operation named: AfficherUsingGET_2
2023-02-14 15:38:37.409  INFO 16196 --- [restartedMain] .d.s.w.r.o.CachingOperationNameGenerator : Generating unique operation named: getByIdUsingGET_2
2023-02-14 15:38:37.423  INFO 16196 --- [restartedMain] .d.s.w.r.o.CachingOperationNameGenerator : Generating unique operation named: supprimerUsingDELETE_2
2023-02-14 15:38:37.439  INFO 16196 --- [restartedMain] .d.s.w.r.o.CachingOperationNameGenerator : Generating unique operation named: ReadUsingGET_1
2023-02-14 15:38:37.444  INFO 16196 --- [restartedMain] .d.s.w.r.o.CachingOperationNameGenerator : Generating unique operation named: getByIdUsingGET_3
2023-02-14 15:38:37.454  INFO 16196 --- [restartedMain] .d.s.w.r.o.CachingOperationNameGenerator : Generating unique operation named: supprimerUsingDELETE_3
2023-02-14 15:38:37.457  INFO 16196 --- [restartedMain] .d.s.w.r.o.CachingOperationNameGenerator : Generating unique operation named: updateUsingPUT_2
2023-02-14 15:38:37.462  INFO 16196 --- [restartedMain] .d.s.w.r.o.CachingOperationNameGenerator : Generating unique operation named: AfficherUsingGET_3
2023-02-14 15:38:37.465  INFO 16196 --- [restartedMain] .d.s.w.r.o.CachingOperationNameGenerator : Generating unique operation named: createUsingPOST_1
2023-02-14 15:38:37.470  INFO 16196 --- [restartedMain] .d.s.w.r.o.CachingOperationNameGenerator : Generating unique operation named: getByIdUsingGET_4
2023-02-14 15:38:37.475  INFO 16196 --- [restartedMain] .d.s.w.r.o.CachingOperationNameGenerator : Generating unique operation named: supprimerUsingDELETE_4
2023-02-14 15:38:37.478  INFO 16196 --- [restartedMain] .d.s.w.r.o.CachingOperationNameGenerator : Generating unique operation named: updateUsingPUT_3
2023-02-14 15:38:37.518  INFO 16196 --- [restartedMain] g.geoclinique.GeoCliniqueApplication     : Started GeoCliniqueApplication in 21.461 seconds (JVM running for 30.12)
2023-02-14 15:39:31.519  INFO 16196 --- [http-nio-9000-exec-2] o.a.c.c.C.[Tomcat].[localhost].[/]       : Initializing Spring DispatcherServlet 'dispatcherServlet'
2023-02-14 15:39:31.522  INFO 16196 --- [http-nio-9000-exec-2] o.s.web.servlet.DispatcherServlet        : Initializing Servlet 'dispatcherServlet'
2023-02-14 15:39:31.525  INFO 16196 --- [http-nio-9000-exec-2] o.s.web.servlet.DispatcherServlet        : Completed initialization in 3 ms
2023-02-14 15:40:18.995  INFO 16196 --- [SpringApplicationShutdownHook] j.LocalContainerEntityManagerFactoryBean : Closing JPA EntityManagerFactory for persistence unit 'default'
2023-02-14 15:40:19.008  INFO 16196 --- [SpringApplicationShutdownHook] com.zaxxer.hikari.HikariDataSource       : HikariPool-1 - Shutdown initiated...
2023-02-14 15:40:19.029  INFO 16196 --- [SpringApplicationShutdownHook] com.zaxxer.hikari.HikariDataSource       : HikariPool-1 - Shutdown completed.
2023-02-14 15:40:30.781  INFO 16716 --- [restartedMain] g.geoclinique.GeoCliniqueApplication     : Starting GeoCliniqueApplication using Java 17.0.5 on marys-MBP.mshome.net with PID 16716 (/Users/siby/Desktop/geo-clinique/target/classes started by siby in /Users/siby/Desktop/geo-clinique)
2023-02-14 15:40:30.787  INFO 16716 --- [restartedMain] g.geoclinique.GeoCliniqueApplication     : No active profile set, falling back to 1 default profile: "default"
2023-02-14 15:40:30.963  INFO 16716 --- [restartedMain] .e.DevToolsPropertyDefaultsPostProcessor : Devtools property defaults active! Set 'spring.devtools.add-properties' to 'false' to disable
2023-02-14 15:40:30.964  INFO 16716 --- [restartedMain] .e.DevToolsPropertyDefaultsPostProcessor : For additional web related logging consider setting the 'logging.level.web' property to 'DEBUG'
2023-02-14 15:40:32.611  INFO 16716 --- [restartedMain] .s.d.r.c.RepositoryConfigurationDelegate : Bootstrapping Spring Data JPA repositories in DEFAULT mode.
2023-02-14 15:40:32.740  INFO 16716 --- [restartedMain] .s.d.r.c.RepositoryConfigurationDelegate : Finished Spring Data repository scanning in 111 ms. Found 10 JPA repository interfaces.
2023-02-14 15:40:33.878  INFO 16716 --- [restartedMain] o.s.b.w.embedded.tomcat.TomcatWebServer  : Tomcat initialized with port(s): 9000 (http)
2023-02-14 15:40:33.899  INFO 16716 --- [restartedMain] o.apache.catalina.core.StandardService   : Starting service [Tomcat]
2023-02-14 15:40:33.899  INFO 16716 --- [restartedMain] org.apache.catalina.core.StandardEngine  : Starting Servlet engine: [Apache Tomcat/9.0.71]
2023-02-14 15:40:34.023  INFO 16716 --- [restartedMain] o.a.c.c.C.[Tomcat].[localhost].[/]       : Initializing Spring embedded WebApplicationContext
2023-02-14 15:40:34.024  INFO 16716 --- [restartedMain] w.s.c.ServletWebServerApplicationContext : Root WebApplicationContext: initialization completed in 3059 ms
2023-02-14 15:40:34.348  INFO 16716 --- [restartedMain] o.hibernate.jpa.internal.util.LogHelper  : HHH000204: Processing PersistenceUnitInfo [name: default]
2023-02-14 15:40:34.509  INFO 16716 --- [restartedMain] org.hibernate.Version                    : HHH000412: Hibernate ORM core version 5.6.14.Final
2023-02-14 15:40:34.745  INFO 16716 --- [restartedMain] o.hibernate.annotations.common.Version   : HCANN000001: Hibernate Commons Annotations {5.1.2.Final}
2023-02-14 15:40:34.983  INFO 16716 --- [restartedMain] com.zaxxer.hikari.HikariDataSource       : HikariPool-1 - Starting...
2023-02-14 15:40:35.350  INFO 16716 --- [restartedMain] com.zaxxer.hikari.HikariDataSource       : HikariPool-1 - Start completed.
2023-02-14 15:40:35.589  INFO 16716 --- [restartedMain] org.hibernate.dialect.Dialect            : HHH000400: Using dialect: org.hibernate.dialect.MySQL5InnoDBDialect
2023-02-14 15:40:36.999  INFO 16716 --- [restartedMain] o.hibernate.id.enhanced.TableGenerator   : HHH000398: Explicit segment value for id generator [hibernate_sequences.sequence_name] suggested; using default [default]
2023-02-14 15:40:39.005  INFO 16716 --- [restartedMain] o.h.e.t.j.p.i.JtaPlatformInitiator       : HHH000490: Using JtaPlatform implementation: [org.hibernate.engine.transaction.jta.platform.internal.NoJtaPlatform]
2023-02-14 15:40:39.020  INFO 16716 --- [restartedMain] j.LocalContainerEntityManagerFactoryBean : Initialized JPA EntityManagerFactory for persistence unit 'default'
2023-02-14 15:40:41.298  WARN 16716 --- [restartedMain] JpaBaseConfiguration$JpaWebConfiguration : spring.jpa.open-in-view is enabled by default. Therefore, database queries may be performed during view rendering. Explicitly configure spring.jpa.open-in-view to disable this warning
2023-02-14 15:40:41.610  INFO 16716 --- [restartedMain] pertySourcedRequestMappingHandlerMapping : Mapped URL path [/v2/api-docs] onto method [springfox.documentation.swagger2.web.Swagger2Controller#getDocumentation(String, HttpServletRequest)]
2023-02-14 15:40:42.693  INFO 16716 --- [restartedMain] o.s.s.web.DefaultSecurityFilterChain     : Will secure any request with [org.springframework.security.web.session.DisableEncodeUrlFilter@1760b255, org.springframework.security.web.context.request.async.WebAsyncManagerIntegrationFilter@6f6bd400, org.springframework.security.web.context.SecurityContextPersistenceFilter@2afbea9b, org.springframework.security.web.header.HeaderWriterFilter@46d02ab0, org.springframework.web.filter.CorsFilter@5f317eed, org.springframework.security.web.authentication.logout.LogoutFilter@2c204fe2, geoclinique.geoclinique.security.jwt.AuthTokenFilter@6d81485f, org.springframework.security.web.savedrequest.RequestCacheAwareFilter@bf3d454, org.springframework.security.web.servletapi.SecurityContextHolderAwareRequestFilter@3d88a385, org.springframework.security.web.authentication.AnonymousAuthenticationFilter@2226aa8b, org.springframework.security.web.session.SessionManagementFilter@b2a4ab8, org.springframework.security.web.access.ExceptionTranslationFilter@48e04748, org.springframework.security.web.access.intercept.FilterSecurityInterceptor@2fcae72e]
2023-02-14 15:40:42.938  INFO 16716 --- [restartedMain] o.s.b.d.a.OptionalLiveReloadServer       : LiveReload server is running on port 35729
2023-02-14 15:40:43.334  INFO 16716 --- [restartedMain] o.s.b.w.embedded.tomcat.TomcatWebServer  : Tomcat started on port(s): 9000 (http) with context path ''
2023-02-14 15:40:43.336  INFO 16716 --- [restartedMain] d.s.w.p.DocumentationPluginsBootstrapper : Context refreshed
2023-02-14 15:40:43.369  INFO 16716 --- [restartedMain] d.s.w.p.DocumentationPluginsBootstrapper : Found 1 custom documentation plugin(s)
2023-02-14 15:40:43.410  INFO 16716 --- [restartedMain] s.d.s.w.s.ApiListingReferenceScanner     : Scanning for api listing references
2023-02-14 15:40:43.632  INFO 16716 --- [restartedMain] .d.s.w.r.o.CachingOperationNameGenerator : Generating unique operation named: registerUserUsingPOST_1
2023-02-14 15:40:43.690  INFO 16716 --- [restartedMain] .d.s.w.r.o.CachingOperationNameGenerator : Generating unique operation named: AfficherUsingGET_1
2023-02-14 15:40:43.701  INFO 16716 --- [restartedMain] .d.s.w.r.o.CachingOperationNameGenerator : Generating unique operation named: getByIdUsingGET_1
2023-02-14 15:40:43.710  INFO 16716 --- [restartedMain] .d.s.w.r.o.CachingOperationNameGenerator : Generating unique operation named: supprimerUsingDELETE_1
2023-02-14 15:40:43.715  INFO 16716 --- [restartedMain] .d.s.w.r.o.CachingOperationNameGenerator : Generating unique operation named: updateUsingPUT_1
2023-02-14 15:40:43.736  INFO 16716 --- [restartedMain] .d.s.w.r.o.CachingOperationNameGenerator : Generating unique operation named: AfficherUsingGET_2
2023-02-14 15:40:43.748  INFO 16716 --- [restartedMain] .d.s.w.r.o.CachingOperationNameGenerator : Generating unique operation named: getByIdUsingGET_2
2023-02-14 15:40:43.764  INFO 16716 --- [restartedMain] .d.s.w.r.o.CachingOperationNameGenerator : Generating unique operation named: supprimerUsingDELETE_2
2023-02-14 15:40:43.788  INFO 16716 --- [restartedMain] .d.s.w.r.o.CachingOperationNameGenerator : Generating unique operation named: ReadUsingGET_1
2023-02-14 15:40:43.795  INFO 16716 --- [restartedMain] .d.s.w.r.o.CachingOperationNameGenerator : Generating unique operation named: getByIdUsingGET_3
2023-02-14 15:40:43.802  INFO 16716 --- [restartedMain] .d.s.w.r.o.CachingOperationNameGenerator : Generating unique operation named: supprimerUsingDELETE_3
2023-02-14 15:40:43.806  INFO 16716 --- [restartedMain] .d.s.w.r.o.CachingOperationNameGenerator : Generating unique operation named: updateUsingPUT_2
2023-02-14 15:40:43.811  INFO 16716 --- [restartedMain] .d.s.w.r.o.CachingOperationNameGenerator : Generating unique operation named: AfficherUsingGET_3
2023-02-14 15:40:43.815  INFO 16716 --- [restartedMain] .d.s.w.r.o.CachingOperationNameGenerator : Generating unique operation named: createUsingPOST_1
2023-02-14 15:40:43.820  INFO 16716 --- [restartedMain] .d.s.w.r.o.CachingOperationNameGenerator : Generating unique operation named: getByIdUsingGET_4
2023-02-14 15:40:43.824  INFO 16716 --- [restartedMain] .d.s.w.r.o.CachingOperationNameGenerator : Generating unique operation named: supprimerUsingDELETE_4
2023-02-14 15:40:43.828  INFO 16716 --- [restartedMain] .d.s.w.r.o.CachingOperationNameGenerator : Generating unique operation named: updateUsingPUT_3
2023-02-14 15:40:43.896  INFO 16716 --- [restartedMain] g.geoclinique.GeoCliniqueApplication     : Started GeoCliniqueApplication in 14.369 seconds (JVM running for 16.04)
2023-02-14 15:40:57.895  INFO 16716 --- [http-nio-9000-exec-2] o.a.c.c.C.[Tomcat].[localhost].[/]       : Initializing Spring DispatcherServlet 'dispatcherServlet'
2023-02-14 15:40:57.896  INFO 16716 --- [http-nio-9000-exec-2] o.s.web.servlet.DispatcherServlet        : Initializing Servlet 'dispatcherServlet'
2023-02-14 15:40:57.901  INFO 16716 --- [http-nio-9000-exec-2] o.s.web.servlet.DispatcherServlet        : Completed initialization in 5 ms
2023-02-14 15:41:22.224  INFO 16716 --- [SpringApplicationShutdownHook] j.LocalContainerEntityManagerFactoryBean : Closing JPA EntityManagerFactory for persistence unit 'default'
2023-02-14 15:41:22.249  INFO 16716 --- [SpringApplicationShutdownHook] com.zaxxer.hikari.HikariDataSource       : HikariPool-1 - Shutdown initiated...
2023-02-14 15:41:22.276  INFO 16716 --- [SpringApplicationShutdownHook] com.zaxxer.hikari.HikariDataSource       : HikariPool-1 - Shutdown completed.
2023-02-14 15:41:48.536  INFO 16951 --- [restartedMain] g.geoclinique.GeoCliniqueApplication     : Starting GeoCliniqueApplication using Java 17.0.5 on marys-MBP.mshome.net with PID 16951 (/Users/siby/Desktop/geo-clinique/target/classes started by siby in /Users/siby/Desktop/geo-clinique)
2023-02-14 15:41:48.547  INFO 16951 --- [restartedMain] g.geoclinique.GeoCliniqueApplication     : No active profile set, falling back to 1 default profile: "default"
2023-02-14 15:41:49.242  INFO 16951 --- [restartedMain] .e.DevToolsPropertyDefaultsPostProcessor : Devtools property defaults active! Set 'spring.devtools.add-properties' to 'false' to disable
2023-02-14 15:41:49.242  INFO 16951 --- [restartedMain] .e.DevToolsPropertyDefaultsPostProcessor : For additional web related logging consider setting the 'logging.level.web' property to 'DEBUG'
2023-02-14 15:41:58.767  INFO 16951 --- [restartedMain] .s.d.r.c.RepositoryConfigurationDelegate : Bootstrapping Spring Data JPA repositories in DEFAULT mode.
2023-02-14 15:41:59.553  INFO 16951 --- [restartedMain] .s.d.r.c.RepositoryConfigurationDelegate : Finished Spring Data repository scanning in 706 ms. Found 10 JPA repository interfaces.
2023-02-14 15:42:08.169  INFO 16951 --- [restartedMain] o.s.b.w.embedded.tomcat.TomcatWebServer  : Tomcat initialized with port(s): 9000 (http)
2023-02-14 15:42:08.398  INFO 16951 --- [restartedMain] o.apache.catalina.core.StandardService   : Starting service [Tomcat]
2023-02-14 15:42:08.401  INFO 16951 --- [restartedMain] org.apache.catalina.core.StandardEngine  : Starting Servlet engine: [Apache Tomcat/9.0.71]
2023-02-14 15:42:09.935  INFO 16951 --- [restartedMain] o.a.c.c.C.[Tomcat].[localhost].[/]       : Initializing Spring embedded WebApplicationContext
2023-02-14 15:42:09.936  INFO 16951 --- [restartedMain] w.s.c.ServletWebServerApplicationContext : Root WebApplicationContext: initialization completed in 20691 ms
2023-02-14 15:42:13.716  INFO 16951 --- [restartedMain] o.hibernate.jpa.internal.util.LogHelper  : HHH000204: Processing PersistenceUnitInfo [name: default]
2023-02-14 15:42:14.850  INFO 16951 --- [restartedMain] org.hibernate.Version                    : HHH000412: Hibernate ORM core version 5.6.14.Final
2023-02-14 15:42:19.646  INFO 16951 --- [restartedMain] o.hibernate.annotations.common.Version   : HCANN000001: Hibernate Commons Annotations {5.1.2.Final}
2023-02-14 15:42:22.180  INFO 16951 --- [restartedMain] com.zaxxer.hikari.HikariDataSource       : HikariPool-1 - Starting...
2023-02-14 15:42:25.116  INFO 16951 --- [restartedMain] com.zaxxer.hikari.HikariDataSource       : HikariPool-1 - Start completed.
2023-02-14 15:42:25.153  INFO 16951 --- [restartedMain] org.hibernate.dialect.Dialect            : HHH000400: Using dialect: org.hibernate.dialect.MySQL5InnoDBDialect
2023-02-14 15:42:29.395  INFO 16951 --- [restartedMain] o.hibernate.id.enhanced.TableGenerator   : HHH000398: Explicit segment value for id generator [hibernate_sequences.sequence_name] suggested; using default [default]
2023-02-14 15:42:49.285  INFO 16951 --- [restartedMain] o.h.e.t.j.p.i.JtaPlatformInitiator       : HHH000490: Using JtaPlatform implementation: [org.hibernate.engine.transaction.jta.platform.internal.NoJtaPlatform]
2023-02-14 15:42:49.324  INFO 16951 --- [restartedMain] j.LocalContainerEntityManagerFactoryBean : Initialized JPA EntityManagerFactory for persistence unit 'default'
2023-02-14 15:43:29.469  WARN 16951 --- [restartedMain] JpaBaseConfiguration$JpaWebConfiguration : spring.jpa.open-in-view is enabled by default. Therefore, database queries may be performed during view rendering. Explicitly configure spring.jpa.open-in-view to disable this warning
2023-02-14 15:43:32.784  INFO 16951 --- [restartedMain] pertySourcedRequestMappingHandlerMapping : Mapped URL path [/v2/api-docs] onto method [springfox.documentation.swagger2.web.Swagger2Controller#getDocumentation(String, HttpServletRequest)]
2023-02-14 15:43:40.809  INFO 16951 --- [restartedMain] o.s.s.web.DefaultSecurityFilterChain     : Will secure any request with [org.springframework.security.web.session.DisableEncodeUrlFilter@7d5a3d41, org.springframework.security.web.context.request.async.WebAsyncManagerIntegrationFilter@56595753, org.springframework.security.web.context.SecurityContextPersistenceFilter@5042abb6, org.springframework.security.web.header.HeaderWriterFilter@55f5e675, org.springframework.web.filter.CorsFilter@39505469, org.springframework.security.web.authentication.logout.LogoutFilter@12977a1, geoclinique.geoclinique.security.jwt.AuthTokenFilter@5b80e58, org.springframework.security.web.savedrequest.RequestCacheAwareFilter@248201d5, org.springframework.security.web.servletapi.SecurityContextHolderAwareRequestFilter@fe00dcb, org.springframework.security.web.authentication.AnonymousAuthenticationFilter@168bce96, org.springframework.security.web.session.SessionManagementFilter@52a95982, org.springframework.security.web.access.ExceptionTranslationFilter@10124064, org.springframework.security.web.access.intercept.FilterSecurityInterceptor@10c77de4]
2023-02-14 15:43:41.861  INFO 16951 --- [restartedMain] o.s.b.d.a.OptionalLiveReloadServer       : LiveReload server is running on port 35729
2023-02-14 15:43:45.032  INFO 16951 --- [restartedMain] o.s.b.w.embedded.tomcat.TomcatWebServer  : Tomcat started on port(s): 9000 (http) with context path ''
2023-02-14 15:43:45.034  INFO 16951 --- [restartedMain] d.s.w.p.DocumentationPluginsBootstrapper : Context refreshed
2023-02-14 15:43:45.276  INFO 16951 --- [restartedMain] d.s.w.p.DocumentationPluginsBootstrapper : Found 1 custom documentation plugin(s)
2023-02-14 15:43:45.909  INFO 16951 --- [restartedMain] s.d.s.w.s.ApiListingReferenceScanner     : Scanning for api listing references
2023-02-14 15:43:48.844  INFO 16951 --- [restartedMain] .d.s.w.r.o.CachingOperationNameGenerator : Generating unique operation named: registerUserUsingPOST_1
2023-02-14 15:43:49.206  INFO 16951 --- [restartedMain] .d.s.w.r.o.CachingOperationNameGenerator : Generating unique operation named: AfficherUsingGET_1
2023-02-14 15:43:49.251  INFO 16951 --- [restartedMain] .d.s.w.r.o.CachingOperationNameGenerator : Generating unique operation named: getByIdUsingGET_1
2023-02-14 15:43:49.277  INFO 16951 --- [restartedMain] .d.s.w.r.o.CachingOperationNameGenerator : Generating unique operation named: supprimerUsingDELETE_1
2023-02-14 15:43:49.292  INFO 16951 --- [restartedMain] .d.s.w.r.o.CachingOperationNameGenerator : Generating unique operation named: updateUsingPUT_1
2023-02-14 15:43:49.452  INFO 16951 --- [restartedMain] .d.s.w.r.o.CachingOperationNameGenerator : Generating unique operation named: AfficherUsingGET_2
2023-02-14 15:43:49.566  INFO 16951 --- [restartedMain] .d.s.w.r.o.CachingOperationNameGenerator : Generating unique operation named: getByIdUsingGET_2
2023-02-14 15:43:49.600  INFO 16951 --- [restartedMain] .d.s.w.r.o.CachingOperationNameGenerator : Generating unique operation named: supprimerUsingDELETE_2
2023-02-14 15:43:49.767  INFO 16951 --- [restartedMain] .d.s.w.r.o.CachingOperationNameGenerator : Generating unique operation named: ReadUsingGET_1
2023-02-14 15:43:49.848  INFO 16951 --- [restartedMain] .d.s.w.r.o.CachingOperationNameGenerator : Generating unique operation named: getByIdUsingGET_3
2023-02-14 15:43:49.866  INFO 16951 --- [restartedMain] .d.s.w.r.o.CachingOperationNameGenerator : Generating unique operation named: supprimerUsingDELETE_3
2023-02-14 15:43:49.877  INFO 16951 --- [restartedMain] .d.s.w.r.o.CachingOperationNameGenerator : Generating unique operation named: updateUsingPUT_2
2023-02-14 15:43:49.927  INFO 16951 --- [restartedMain] .d.s.w.r.o.CachingOperationNameGenerator : Generating unique operation named: AfficherUsingGET_3
2023-02-14 15:43:49.949  INFO 16951 --- [restartedMain] .d.s.w.r.o.CachingOperationNameGenerator : Generating unique operation named: createUsingPOST_1
2023-02-14 15:43:49.962  INFO 16951 --- [restartedMain] .d.s.w.r.o.CachingOperationNameGenerator : Generating unique operation named: getByIdUsingGET_4
2023-02-14 15:43:49.965  INFO 16951 --- [restartedMain] .d.s.w.r.o.CachingOperationNameGenerator : Generating unique operation named: supprimerUsingDELETE_4
2023-02-14 15:43:50.008  INFO 16951 --- [restartedMain] .d.s.w.r.o.CachingOperationNameGenerator : Generating unique operation named: updateUsingPUT_3
2023-02-14 15:43:50.237  INFO 16951 --- [restartedMain] g.geoclinique.GeoCliniqueApplication     : Started GeoCliniqueApplication in 126.407 seconds (JVM running for 137.352)
2023-02-14 15:44:38.945  INFO 16951 --- [http-nio-9000-exec-1] o.a.c.c.C.[Tomcat].[localhost].[/]       : Initializing Spring DispatcherServlet 'dispatcherServlet'
2023-02-14 15:44:38.950  INFO 16951 --- [http-nio-9000-exec-1] o.s.web.servlet.DispatcherServlet        : Initializing Servlet 'dispatcherServlet'
2023-02-14 15:44:38.971  INFO 16951 --- [http-nio-9000-exec-1] o.s.web.servlet.DispatcherServlet        : Completed initialization in 20 ms
2023-02-14 15:54:24.306  WARN 16951 --- [http-nio-9000-exec-2] .w.s.m.s.DefaultHandlerExceptionResolver : Resolved [org.springframework.web.HttpRequestMethodNotSupportedException: Request method 'GET' not supported]
2023-02-14 15:55:28.017  WARN 16951 --- [http-nio-9000-exec-8] .w.s.m.s.DefaultHandlerExceptionResolver : Resolved [org.springframework.web.HttpRequestMethodNotSupportedException: Request method 'GET' not supported]
2023-02-14 15:57:09.590  WARN 16951 --- [http-nio-9000-exec-4] .w.s.m.s.DefaultHandlerExceptionResolver : Resolved [org.springframework.web.HttpRequestMethodNotSupportedException: Request method 'GET' not supported]
2023-02-14 16:36:47.426  WARN 16951 --- [HikariPool-1 housekeeper] com.zaxxer.hikari.pool.HikariPool        : HikariPool-1 - Thread starvation or clock leap detected (housekeeper delta=4m51s971ms).
2023-02-14 17:30:06.568  WARN 16951 --- [http-nio-9000-exec-3] .w.s.m.s.DefaultHandlerExceptionResolver : Resolved [org.springframework.web.method.annotation.MethodArgumentTypeMismatchException: Failed to convert value of type 'java.lang.String' to required type 'java.lang.Long'; nested exception is java.lang.NumberFormatException: For input string: "undefined"]
